0 info it worked if it ends with ok
1 verbose cli [ 'C:\\git\\devenv\\build_devenv_mib3\\build\\nodejs\\node.exe',
1 verbose cli   'C:\\git\\devenv\\build_devenv_mib3\\build\\nodejs\\node_modules\\npm\\bin\\npm-cli.js',
1 verbose cli   'run',
1 verbose cli   'lite' ]
2 info using npm@3.6.0
3 info using node@v4.2.6
4 verbose run-script [ 'prelite', 'lite', 'postlite' ]
5 info lifecycle angular2-quickstart@1.0.0~prelite: angular2-quickstart@1.0.0
6 silly lifecycle angular2-quickstart@1.0.0~prelite: no script for prelite, continuing
7 info lifecycle angular2-quickstart@1.0.0~lite: angular2-quickstart@1.0.0
8 verbose lifecycle angular2-quickstart@1.0.0~lite: unsafe-perm in lifecycle true
9 verbose lifecycle angular2-quickstart@1.0.0~lite: PATH: C:\git\devenv\build_devenv_mib3\build\nodejs\node_modules\npm\bin\node-gyp-bin;C:\git\tutorial\angular2-quickstart\node_modules\.bin;C:\Program Files\nodejs\node_modules\npm\bin\node-gyp-bin;C:\git\tutorial\angular2-quickstart\node_modules\.bin;C:\Users\lobu3828\bin;C:\Program Files (x86)\PuTTY;C:\git\devenv\build_devenv_mib3\build\scripts;C:\git\devenv\build_devenv_mib3\build\gradle\bin;C:\git\devenv\build_devenv_mib3\build\jdk\bin;C:\git\devenv\build_devenv_mib3\build\nodejs\node_modules\.bin;C:\git\devenv\build_devenv_mib3\build\nodejs\bin;C:\git\devenv\build_devenv_mib3\build\nodejs;C:\git\devenv\build_devenv_mib3\build\android-sdk\platform-tools;C:\Users\lobu3828\bin;C:\Program Files\Git\mingw64\bin;C:\Program Files\Git\usr\local\bin;C:\Program Files\Git\usr\bin;C:\Program Files\Git\usr\bin;C:\Program Files\Git\mingw64\bin;C:\Program Files\Git\usr\bin;C:\Users\lobu3828\bin;C:\Windows;C:\Windows\system32;C:\Windows\System32\Wbem;C:\Windows\System32\WindowsPowerShell\v1.0;C:\ProgramData\Oracle\Java\javapath;C:\Program Files\Java\jdk1.8.0_31\bin;C:\Program Files\Perforce;C:\Program Files (x86)\Python27;C:\Program Files (x86)\Python27\Tools\Scripts;C:\Program Files (x86)\Python34;C:\Program Files (x86)\Python34\Scripts;C:\Program Files (x86)\NVIDIA Corporation\PhysX\Common;C:\Program Files (x86)\Intel\OpenCL SDK\2.0\bin\x86;C:\Program Files (x86)\Intel\OpenCL SDK\2.0\bin\x64;C:\Program Files (x86)\Graphviz 2.28\bin;C:\Program Files\Perforce\DVCS;C:\Program Files\nodejs;C:\Program Files\Git\cmd;C:\Program Files (x86)\Brackets\command;C:\Windows;C:\Windows\system32;C:\Windows\System32\Wbem;C:\Windows\System32\WindowsPowerShell\v1.0;C:\ProgramData\Oracle\Java\javapath;C:\Program Files\Java\jdk1.8.0_31\bin;C:\Program Files\Perforce;C:\Program Files (x86)\Python27;C:\Program Files (x86)\Python27\Tools\Scripts;C:\Program Files (x86)\Python34;C:\Program Files (x86)\Python34\Scripts;C:\Program Files (x86)\NVIDIA Corporation\PhysX\Common;C:\Program Files (x86)\Intel\OpenCL SDK\2.0\bin\x86;C:\Program Files (x86)\Intel\OpenCL SDK\2.0\bin\x64;C:\Program Files (x86)\Graphviz 2.28\bin;C:\Program Files\Perforce\DVCS;C:\Program Files\nodejs;C:\Program Files\Git\cmd;C:\Program Files (x86)\Brackets\command;C:\git\Scripts;C:\Users\lobu3828\AppData\Roaming\npm;C:\Program Files\Git\usr\bin\vendor_perl;C:\Program Files\Git\usr\bin\core_perl
10 verbose lifecycle angular2-quickstart@1.0.0~lite: CWD: C:\git\tutorial\angular2-quickstart
11 silly lifecycle angular2-quickstart@1.0.0~lite: Args: [ '/d /s /c', 'lite-server' ]
12 silly lifecycle angular2-quickstart@1.0.0~lite: Returned: code: 3  signal: null
13 info lifecycle angular2-quickstart@1.0.0~lite: Failed to exec lite script
14 verbose stack Error: angular2-quickstart@1.0.0 lite: `lite-server`
14 verbose stack Exit status 3
14 verbose stack     at EventEmitter.<anonymous> (C:\git\devenv\build_devenv_mib3\build\nodejs\node_modules\npm\lib\utils\lifecycle.js:232:16)
14 verbose stack     at emitTwo (events.js:87:13)
14 verbose stack     at EventEmitter.emit (events.js:172:7)
14 verbose stack     at ChildProcess.<anonymous> (C:\git\devenv\build_devenv_mib3\build\nodejs\node_modules\npm\lib\utils\spawn.js:24:14)
14 verbose stack     at emitTwo (events.js:87:13)
14 verbose stack     at ChildProcess.emit (events.js:172:7)
14 verbose stack     at maybeClose (internal/child_process.js:821:16)
14 verbose stack     at Process.ChildProcess._handle.onexit (internal/child_process.js:211:5)
15 verbose pkgid angular2-quickstart@1.0.0
16 verbose cwd C:\git\tutorial\angular2-quickstart
17 error Windows_NT 6.1.7601
18 error argv "C:\\git\\devenv\\build_devenv_mib3\\build\\nodejs\\node.exe" "C:\\git\\devenv\\build_devenv_mib3\\build\\nodejs\\node_modules\\npm\\bin\\npm-cli.js" "run" "lite"
19 error node v4.2.6
20 error npm  v3.6.0
21 error code ELIFECYCLE
22 error angular2-quickstart@1.0.0 lite: `lite-server`
22 error Exit status 3
23 error Failed at the angular2-quickstart@1.0.0 lite script 'lite-server'.
23 error Make sure you have the latest version of node.js and npm installed.
23 error If you do, this is most likely a problem with the angular2-quickstart package,
23 error not with npm itself.
23 error Tell the author that this fails on your system:
23 error     lite-server
23 error You can get information on how to open an issue for this project with:
23 error     npm bugs angular2-quickstart
23 error Or if that isn't available, you can get their info via:
23 error     npm owner ls angular2-quickstart
23 error There is likely additional logging output above.
24 verbose exit [ 1, true ]
